android/app/build/intermediates/manifest_merge_blame_file/debug/manifest-merger-blame-debug-report.txt
1<?xml version="1.0" encoding="utf-8"?>
2<manifest xmlns:android="http://schemas.android.com/apk/res/android"
3    package="com.newsapp"
4    android:versionCode="1"
5    android:versionName="1.0" >
6
7    <uses-sdk
8        android:minSdkVersion="21"
9        android:targetSdkVersion="29" />
10
11    <uses-permission android:name="android.permission.SYSTEM_ALERT_WINDOW" />
11-->src\debug\AndroidManifest.xml:5:5-77
11-->src\debug\AndroidManifest.xml:5:22-75
12    <uses-permission android:name="android.permission.INTERNET" />
12-->src\main\AndroidManifest.xml:4:5-67
12-->src\main\AndroidManifest.xml:4:22-64
13    <uses-permission android:name="android.permission.READ_EXTERNAL_STORAGE" />
13-->src\main\AndroidManifest.xml:5:5-79
13-->src\main\AndroidManifest.xml:5:22-77
14    <uses-permission android:name="android.permission.WRITE_EXTERNAL_STORAGE" />
14-->src\main\AndroidManifest.xml:6:5-80
14-->src\main\AndroidManifest.xml:6:22-78
15    <uses-permission android:name="android.permission.ACCESS_WIFI_STATE" /> <!-- Required to access Google Play Licensing -->
15-->[com.facebook.flipper:flipper:0.75.1] AndroidManifest.xml:16:5-76
15-->[com.facebook.flipper:flipper:0.75.1] AndroidManifest.xml:16:22-73
16    <uses-permission android:name="com.android.vending.CHECK_LICENSE" />
16-->[:rn-fetch-blob] AndroidManifest.xml:12:5-73
16-->[:rn-fetch-blob] AndroidManifest.xml:12:22-70
17    <!--
18         Required to keep CPU alive while downloading files
19        (NOT to keep screen awake)
20    -->
21    <uses-permission android:name="android.permission.WAKE_LOCK" />
21-->[:rn-fetch-blob] AndroidManifest.xml:21:5-68
21-->[:rn-fetch-blob] AndroidManifest.xml:21:22-65
22    <!--
23         Required to poll the state of the network connection
24        and respond to changes
25    -->
26    <uses-permission android:name="android.permission.ACCESS_NETWORK_STATE" />
26-->[:rn-fetch-blob] AndroidManifest.xml:27:5-79
26-->[:rn-fetch-blob] AndroidManifest.xml:27:22-76
27
28    <application
28-->src\main\AndroidManifest.xml:9:5-27:19
29        android:name="com.newsapp.MainApplication"
29-->src\main\AndroidManifest.xml:10:7-38
30        android:allowBackup="false"
30-->src\main\AndroidManifest.xml:14:7-34
31        android:appComponentFactory="androidx.core.app.CoreComponentFactory"
31-->[androidx.core:core:1.1.0] AndroidManifest.xml:24:18-86
32        android:debuggable="true"
33        android:icon="@mipmap/ic_launcher"
33-->src\main\AndroidManifest.xml:12:7-41
34        android:label="@string/app_name"
34-->src\main\AndroidManifest.xml:11:7-39
35        android:roundIcon="@mipmap/ic_launcher_round"
35-->src\main\AndroidManifest.xml:13:7-52
36        android:theme="@style/AppTheme"
36-->src\main\AndroidManifest.xml:15:7-38
37        android:usesCleartextTraffic="true" >
37-->src\debug\AndroidManifest.xml:8:9-44
38        <activity android:name="com.facebook.react.devsupport.DevSettingsActivity" />
38-->src\debug\AndroidManifest.xml:11:9-86
38-->src\debug\AndroidManifest.xml:11:19-83
39        <activity
39-->src\main\AndroidManifest.xml:16:7-26:18
40            android:name="com.newsapp.MainActivity"
40-->src\main\AndroidManifest.xml:17:9-37
41            android:configChanges="keyboard|keyboardHidden|orientation|screenSize|uiMode"
41-->src\main\AndroidManifest.xml:19:9-86
42            android:label="@string/app_name"
42-->src\main\AndroidManifest.xml:18:9-41
43            android:launchMode="singleTask"
43-->src\main\AndroidManifest.xml:20:9-40
44            android:windowSoftInputMode="adjustResize" >
44-->src\main\AndroidManifest.xml:21:9-51
45            <intent-filter>
45-->src\main\AndroidManifest.xml:22:9-25:25
46                <action android:name="android.intent.action.MAIN" />
46-->src\main\AndroidManifest.xml:23:13-65
46-->src\main\AndroidManifest.xml:23:21-62
47
48                <category android:name="android.intent.category.LAUNCHER" />
48-->src\main\AndroidManifest.xml:24:13-73
48-->src\main\AndroidManifest.xml:24:23-70
49            </intent-filter>
50        </activity>
51
52        <provider
52-->[:react-native-share] AndroidManifest.xml:10:9-18:20
53            android:name="cl.json.RNShareFileProvider"
53-->[:react-native-share] AndroidManifest.xml:11:13-55
54            android:authorities="com.newsapp.rnshare.fileprovider"
54-->[:react-native-share] AndroidManifest.xml:12:13-72
55            android:exported="false"
55-->[:react-native-share] AndroidManifest.xml:13:13-37
56            android:grantUriPermissions="true" >
56-->[:react-native-share] AndroidManifest.xml:14:13-47
57            <meta-data
57-->[:react-native-share] AndroidManifest.xml:15:13-17:64
58                android:name="android.support.FILE_PROVIDER_PATHS"
58-->[:react-native-share] AndroidManifest.xml:16:17-67
59                android:resource="@xml/share_download_paths" />
59-->[:react-native-share] AndroidManifest.xml:17:17-61
60        </provider>
61        <provider
61-->[:rn-fetch-blob] AndroidManifest.xml:36:9-44:20
62            android:name="com.RNFetchBlob.Utils.FileProvider"
62-->[:rn-fetch-blob] AndroidManifest.xml:37:13-62
63            android:authorities="com.newsapp.provider"
63-->[:rn-fetch-blob] AndroidManifest.xml:38:13-60
64            android:exported="false"
64-->[:rn-fetch-blob] AndroidManifest.xml:39:13-37
65            android:grantUriPermissions="true" >
65-->[:rn-fetch-blob] AndroidManifest.xml:40:13-47
66            <meta-data
66-->[:react-native-share] AndroidManifest.xml:15:13-17:64
67                android:name="android.support.FILE_PROVIDER_PATHS"
67-->[:react-native-share] AndroidManifest.xml:16:17-67
68                android:resource="@xml/provider_paths" />
68-->[:react-native-share] AndroidManifest.xml:17:17-61
69        </provider>
70    </application>
71
72</manifest>